{"/Users/myv/Projects/node_js_course/src/app.ts": {"path":"/Users/myv/Projects/node_js_course/src/app.ts","statementMap":{"0":{"start":{"line":1,"column":0},"end":{"line":1,"column":35}},"1":{"start":{"line":2,"column":0},"end":{"line":2,"column":43}},"2":{"start":{"line":4,"column":0},"end":{"line":4,"column":47}},"3":{"start":{"line":5,"column":0},"end":{"line":5,"column":26}},"4":{"start":{"line":8,"column":0},"end":{"line":8,"column":32}},"5":{"start":{"line":10,"column":0},"end":{"line":10,"column":58}},"6":{"start":{"line":11,"column":0},"end":{"line":11,"column":58}},"7":{"start":{"line":15,"column":7},"end":{"line":59,"column":null}},"8":{"start":{"line":21,"column":33},"end":{"line":21,"column":48}},"9":{"start":{"line":22,"column":42},"end":{"line":22,"column":75}},"10":{"start":{"line":23,"column":42},"end":{"line":23,"column":75}},"11":{"start":{"line":24,"column":39},"end":{"line":24,"column":54}},"12":{"start":{"line":25,"column":40},"end":{"line":25,"column":69}},"13":{"start":{"line":18,"column":9},"end":{"line":18,"column":21}},"14":{"start":{"line":27,"column":2},"end":{"line":27,"column":23}},"15":{"start":{"line":31,"column":2},"end":{"line":31,"column":23}},"16":{"start":{"line":32,"column":25},"end":{"line":32,"column":81}},"17":{"start":{"line":33,"column":2},"end":{"line":33,"column":60}},"18":{"start":{"line":37,"column":2},"end":{"line":37,"column":54}},"19":{"start":{"line":41,"column":2},"end":{"line":41,"column":70}},"20":{"start":{"line":45,"column":2},"end":{"line":45,"column":24}},"21":{"start":{"line":46,"column":2},"end":{"line":46,"column":19}},"22":{"start":{"line":47,"column":2},"end":{"line":47,"column":29}},"23":{"start":{"line":49,"column":2},"end":{"line":49,"column":37}},"24":{"start":{"line":51,"column":2},"end":{"line":53,"column":5}},"25":{"start":{"line":52,"column":3},"end":{"line":52,"column":78}},"26":{"start":{"line":57,"column":2},"end":{"line":57,"column":22}},"27":{"start":{"line":15,"column":13},"end":{"line":15,"column":16}},"28":{"start":{"line":15,"column":13},"end":{"line":59,"column":null}}},"fnMap":{"0":{"name":"(anonymous_12)","decl":{"start":{"line":20,"column":1},"end":{"line":20,"column":null}},"loc":{"start":{"line":25,"column":69},"end":{"line":28,"column":2}}},"1":{"name":"(anonymous_13)","decl":{"start":{"line":30,"column":9},"end":{"line":30,"column":23}},"loc":{"start":{"line":30,"column":23},"end":{"line":34,"column":2}}},"2":{"name":"(anonymous_14)","decl":{"start":{"line":36,"column":9},"end":{"line":36,"column":18}},"loc":{"start":{"line":36,"column":18},"end":{"line":38,"column":2}}},"3":{"name":"(anonymous_15)","decl":{"start":{"line":40,"column":9},"end":{"line":40,"column":28}},"loc":{"start":{"line":40,"column":28},"end":{"line":42,"column":2}}},"4":{"name":"(anonymous_16)","decl":{"start":{"line":44,"column":14},"end":{"line":44,"column":18}},"loc":{"start":{"line":44,"column":18},"end":{"line":54,"column":null}}},"5":{"name":"(anonymous_18)","decl":{"start":{"line":51,"column":43},"end":{"line":51,"column":46}},"loc":{"start":{"line":51,"column":48},"end":{"line":53,"column":3}}},"6":{"name":"(anonymous_19)","decl":{"start":{"line":56,"column":8},"end":{"line":56,"column":13}},"loc":{"start":{"line":56,"column":13},"end":{"line":58,"column":2}}}},"branchMap":{},"s":{"0":1,"1":1,"2":1,"3":1,"4":1,"5":1,"6":1,"7":1,"8":1,"9":1,"10":1,"11":1,"12":1,"13":1,"14":1,"15":1,"16":1,"17":1,"18":1,"19":1,"20":1,"21":1,"22":1,"23":1,"24":1,"25":1,"26":1,"27":1,"28":1},"f":{"0":1,"1":1,"2":1,"3":1,"4":1,"5":1,"6":1},"b":{}}
,"/Users/myv/Projects/node_js_course/src/main.ts": {"path":"/Users/myv/Projects/node_js_course/src/main.ts","statementMap":{"0":{"start":{"line":1,"column":0},"end":{"line":1,"column":67}},"1":{"start":{"line":2,"column":0},"end":{"line":2,"column":28}},"2":{"start":{"line":3,"column":0},"end":{"line":3,"column":60}},"3":{"start":{"line":4,"column":0},"end":{"line":4,"column":56}},"4":{"start":{"line":5,"column":0},"end":{"line":5,"column":59}},"5":{"start":{"line":6,"column":0},"end":{"line":6,"column":32}},"6":{"start":{"line":11,"column":0},"end":{"line":11,"column":51}},"7":{"start":{"line":13,"column":0},"end":{"line":13,"column":56}},"8":{"start":{"line":14,"column":0},"end":{"line":14,"column":58}},"9":{"start":{"line":16,"column":0},"end":{"line":16,"column":59}},"10":{"start":{"line":24,"column":21},"end":{"line":33,"column":3}},"11":{"start":{"line":25,"column":2},"end":{"line":25,"column":58}},"12":{"start":{"line":26,"column":2},"end":{"line":26,"column":68}},"13":{"start":{"line":27,"column":2},"end":{"line":27,"column":88}},"14":{"start":{"line":28,"column":2},"end":{"line":28,"column":88}},"15":{"start":{"line":29,"column":2},"end":{"line":29,"column":76}},"16":{"start":{"line":30,"column":2},"end":{"line":30,"column":82}},"17":{"start":{"line":31,"column":2},"end":{"line":31,"column":80}},"18":{"start":{"line":32,"column":2},"end":{"line":32,"column":88}},"19":{"start":{"line":35,"column":22},"end":{"line":35,"column":37}},"20":{"start":{"line":36,"column":1},"end":{"line":36,"column":32}},"21":{"start":{"line":38,"column":13},"end":{"line":38,"column":53}},"22":{"start":{"line":40,"column":1},"end":{"line":40,"column":18}},"23":{"start":{"line":42,"column":1},"end":{"line":42,"column":30}},"24":{"start":{"line":45,"column":13},"end":{"line":45,"column":32}}},"fnMap":{"0":{"name":"bootstrap","decl":{"start":{"line":23,"column":15},"end":{"line":23,"column":24}},"loc":{"start":{"line":23,"column":24},"end":{"line":43,"column":null}}},"1":{"name":"(anonymous_9)","decl":{"start":{"line":24,"column":41},"end":{"line":24,"column":42}},"loc":{"start":{"line":24,"column":67},"end":{"line":33,"column":2}}}},"branchMap":{},"s":{"0":1,"1":1,"2":1,"3":1,"4":1,"5":1,"6":1,"7":1,"8":1,"9":1,"10":1,"11":1,"12":1,"13":1,"14":1,"15":1,"16":1,"17":1,"18":1,"19":1,"20":1,"21":1,"22":1,"23":1,"24":1},"f":{"0":1,"1":1},"b":{}}
,"/Users/myv/Projects/node_js_course/src/types.ts": {"path":"/Users/myv/Projects/node_js_course/src/types.ts","statementMap":{"0":{"start":{"line":1,"column":13},"end":{"line":10,"column":2}}},"fnMap":{},"branchMap":{},"s":{"0":1},"f":{},"b":{}}
,"/Users/myv/Projects/node_js_course/src/common/auth.guard.ts": {"path":"/Users/myv/Projects/node_js_course/src/common/auth.guard.ts","statementMap":{"0":{"start":{"line":6,"column":2},"end":{"line":8,"column":null}},"1":{"start":{"line":7,"column":3},"end":{"line":7,"column":17}},"2":{"start":{"line":10,"column":2},"end":{"line":10,"column":60}},"3":{"start":{"line":4,"column":0},"end":{"line":4,"column":13}}},"fnMap":{"0":{"name":"(anonymous_0)","decl":{"start":{"line":5,"column":1},"end":{"line":5,"column":8}},"loc":{"start":{"line":5,"column":56},"end":{"line":11,"column":2}}}},"branchMap":{"0":{"loc":{"start":{"line":6,"column":2},"end":{"line":8,"column":null}},"type":"if","locations":[{"start":{"line":6,"column":2},"end":{"line":8,"column":null}}]}},"s":{"0":2,"1":1,"2":1,"3":1},"f":{"0":2},"b":{"0":[1]}}
,"/Users/myv/Projects/node_js_course/src/common/auth.middleware.ts": {"path":"/Users/myv/Projects/node_js_course/src/common/auth.middleware.ts","statementMap":{"0":{"start":{"line":5,"column":0},"end":{"line":5,"column":38}},"1":{"start":{"line":8,"column":21},"end":{"line":8,"column":35}},"2":{"start":{"line":15,"column":2},"end":{"line":29,"column":null}},"3":{"start":{"line":16,"column":17},"end":{"line":16,"column":56}},"4":{"start":{"line":17,"column":3},"end":{"line":26,"column":6}},"5":{"start":{"line":18,"column":4},"end":{"line":25,"column":null}},"6":{"start":{"line":19,"column":5},"end":{"line":19,"column":12}},"7":{"start":{"line":20,"column":11},"end":{"line":25,"column":null}},"8":{"start":{"line":21,"column":19},"end":{"line":21,"column":32}},"9":{"start":{"line":22,"column":5},"end":{"line":22,"column":22}},"10":{"start":{"line":24,"column":5},"end":{"line":24,"column":12}},"11":{"start":{"line":28,"column":3},"end":{"line":28,"column":10}},"12":{"start":{"line":7,"column":0},"end":{"line":7,"column":13}}},"fnMap":{"0":{"name":"(anonymous_0)","decl":{"start":{"line":8,"column":1},"end":{"line":8,"column":21}},"loc":{"start":{"line":8,"column":35},"end":{"line":8,"column":39}}},"1":{"name":"(anonymous_1)","decl":{"start":{"line":10,"column":1},"end":{"line":10,"column":8}},"loc":{"start":{"line":13,"column":20},"end":{"line":30,"column":2}}},"2":{"name":"(anonymous_2)","decl":{"start":{"line":17,"column":30},"end":{"line":17,"column":31}},"loc":{"start":{"line":17,"column":47},"end":{"line":26,"column":4}}}},"branchMap":{"0":{"loc":{"start":{"line":15,"column":2},"end":{"line":29,"column":null}},"type":"if","locations":[{"start":{"line":15,"column":2},"end":{"line":29,"column":null}},{"start":{"line":27,"column":9},"end":{"line":29,"column":null}}]},"1":{"loc":{"start":{"line":18,"column":4},"end":{"line":25,"column":null}},"type":"if","locations":[{"start":{"line":18,"column":4},"end":{"line":25,"column":null}},{"start":{"line":20,"column":11},"end":{"line":25,"column":null}}]},"2":{"loc":{"start":{"line":20,"column":11},"end":{"line":25,"column":null}},"type":"if","locations":[{"start":{"line":20,"column":11},"end":{"line":25,"column":null}}]},"3":{"loc":{"start":{"line":20,"column":15},"end":{"line":20,"column":53}},"type":"binary-expr","locations":[{"start":{"line":20,"column":15},"end":{"line":20,"column":22}},{"start":{"line":20,"column":26},"end":{"line":20,"column":53}}]}},"s":{"0":1,"1":1,"2":6,"3":2,"4":2,"5":2,"6":1,"7":1,"8":1,"9":1,"10":1,"11":4,"12":1},"f":{"0":1,"1":6,"2":2},"b":{"0":[2,4],"1":[1,1],"2":[1],"3":[1,1]}}
,"/Users/myv/Projects/node_js_course/src/common/base.controller.ts": {"path":"/Users/myv/Projects/node_js_course/src/common/base.controller.ts","statementMap":{"0":{"start":{"line":1,"column":0},"end":{"line":1,"column":52}},"1":{"start":{"line":3,"column":0},"end":{"line":3,"column":39}},"2":{"start":{"line":4,"column":0},"end":{"line":4,"column":26}},"3":{"start":{"line":10,"column":7},"end":{"line":45,"column":null}},"4":{"start":{"line":13,"column":21},"end":{"line":13,"column":36}},"5":{"start":{"line":14,"column":2},"end":{"line":14,"column":34}},"6":{"start":{"line":18,"column":2},"end":{"line":18,"column":22}},"7":{"start":{"line":22,"column":2},"end":{"line":22,"column":31}},"8":{"start":{"line":23,"column":2},"end":{"line":23,"column":40}},"9":{"start":{"line":27,"column":2},"end":{"line":27,"column":38}},"10":{"start":{"line":31,"column":2},"end":{"line":31,"column":29}},"11":{"start":{"line":35,"column":2},"end":{"line":43,"column":null}},"12":{"start":{"line":36,"column":19},"end":{"line":36,"column":40}},"13":{"start":{"line":37,"column":23},"end":{"line":38,"column":null}},"14":{"start":{"line":38,"column":4},"end":{"line":38,"column":39}},"15":{"start":{"line":40,"column":20},"end":{"line":40,"column":69}},"16":{"start":{"line":41,"column":3},"end":{"line":41,"column":70}},"17":{"start":{"line":42,"column":3},"end":{"line":42,"column":51}},"18":{"start":{"line":10,"column":22},"end":{"line":10,"column":36}},"19":{"start":{"line":10,"column":22},"end":{"line":45,"column":null}}},"fnMap":{"0":{"name":"(anonymous_3)","decl":{"start":{"line":13,"column":1},"end":{"line":13,"column":21}},"loc":{"start":{"line":13,"column":36},"end":{"line":15,"column":2}}},"1":{"name":"(anonymous_4)","decl":{"start":{"line":17,"column":1},"end":{"line":17,"column":12}},"loc":{"start":{"line":17,"column":18},"end":{"line":19,"column":2}}},"2":{"name":"(anonymous_5)","decl":{"start":{"line":21,"column":8},"end":{"line":21,"column":12}},"loc":{"start":{"line":21,"column":55},"end":{"line":24,"column":2}}},"3":{"name":"(anonymous_6)","decl":{"start":{"line":26,"column":8},"end":{"line":26,"column":10}},"loc":{"start":{"line":26,"column":39},"end":{"line":28,"column":2}}},"4":{"name":"(anonymous_7)","decl":{"start":{"line":30,"column":8},"end":{"line":30,"column":15}},"loc":{"start":{"line":30,"column":29},"end":{"line":32,"column":2}}},"5":{"name":"(anonymous_8)","decl":{"start":{"line":34,"column":11},"end":{"line":34,"column":21}},"loc":{"start":{"line":34,"column":48},"end":{"line":44,"column":2}}},"6":{"name":"(anonymous_9)","decl":{"start":{"line":37,"column":46},"end":{"line":37,"column":47}},"loc":{"start":{"line":38,"column":4},"end":{"line":38,"column":39}}}},"branchMap":{"0":{"loc":{"start":{"line":37,"column":23},"end":{"line":38,"column":null}},"type":"cond-expr","locations":[{"start":{"line":37,"column":40},"end":{"line":37,"column":42}},{"start":{"line":37,"column":40},"end":{"line":38,"column":null}}]},"1":{"loc":{"start":{"line":37,"column":23},"end":{"line":37,"column":42}},"type":"binary-expr","locations":[{"start":{"line":37,"column":23},"end":{"line":37,"column":42}},{"start":{"line":37,"column":40},"end":{"line":37,"column":42}}]},"2":{"loc":{"start":{"line":40,"column":20},"end":{"line":40,"column":69}},"type":"cond-expr","locations":[{"start":{"line":40,"column":34},"end":{"line":40,"column":59}},{"start":{"line":40,"column":62},"end":{"line":40,"column":69}}]}},"s":{"0":1,"1":1,"2":1,"3":1,"4":1,"5":1,"6":4,"7":3,"8":3,"9":1,"10":0,"11":1,"12":3,"13":3,"14":3,"15":3,"16":3,"17":3,"18":1,"19":1},"f":{"0":1,"1":4,"2":3,"3":1,"4":0,"5":1,"6":3},"b":{"0":[0,3],"1":[3,3],"2":[3,0]}}
,"/Users/myv/Projects/node_js_course/src/common/validate.middleware.ts": {"path":"/Users/myv/Projects/node_js_course/src/common/validate.middleware.ts","statementMap":{"0":{"start":{"line":3,"column":0},"end":{"line":3,"column":67}},"1":{"start":{"line":4,"column":0},"end":{"line":4,"column":43}},"2":{"start":{"line":5,"column":0},"end":{"line":5,"column":26}},"3":{"start":{"line":8,"column":21},"end":{"line":8,"column":63}},"4":{"start":{"line":11,"column":19},"end":{"line":11,"column":60}},"5":{"start":{"line":13,"column":2},"end":{"line":19,"column":5}},"6":{"start":{"line":14,"column":3},"end":{"line":18,"column":null}},"7":{"start":{"line":15,"column":4},"end":{"line":15,"column":33}},"8":{"start":{"line":17,"column":4},"end":{"line":17,"column":11}},"9":{"start":{"line":7,"column":0},"end":{"line":7,"column":13}}},"fnMap":{"0":{"name":"(anonymous_0)","decl":{"start":{"line":8,"column":1},"end":{"line":8,"column":21}},"loc":{"start":{"line":8,"column":63},"end":{"line":8,"column":67}}},"1":{"name":"(anonymous_1)","decl":{"start":{"line":10,"column":1},"end":{"line":10,"column":8}},"loc":{"start":{"line":10,"column":61},"end":{"line":20,"column":2}}},"2":{"name":"(anonymous_2)","decl":{"start":{"line":13,"column":26},"end":{"line":13,"column":27}},"loc":{"start":{"line":13,"column":37},"end":{"line":19,"column":3}}}},"branchMap":{"0":{"loc":{"start":{"line":14,"column":3},"end":{"line":18,"column":null}},"type":"if","locations":[{"start":{"line":14,"column":3},"end":{"line":18,"column":null}},{"start":{"line":16,"column":10},"end":{"line":18,"column":null}}]}},"s":{"0":1,"1":1,"2":1,"3":2,"4":4,"5":4,"6":4,"7":0,"8":4,"9":1},"f":{"0":2,"1":4,"2":4},"b":{"0":[0,4]}}
,"/Users/myv/Projects/node_js_course/src/config/config.service.ts": {"path":"/Users/myv/Projects/node_js_course/src/config/config.service.ts","statementMap":{"0":{"start":{"line":1,"column":0},"end":{"line":1,"column":47}},"1":{"start":{"line":3,"column":0},"end":{"line":3,"column":51}},"2":{"start":{"line":4,"column":0},"end":{"line":4,"column":33}},"3":{"start":{"line":8,"column":7},"end":{"line":26,"column":null}},"4":{"start":{"line":10,"column":44},"end":{"line":10,"column":59}},"5":{"start":{"line":11,"column":23},"end":{"line":11,"column":31}},"6":{"start":{"line":13,"column":2},"end":{"line":15,"column":null}},"7":{"start":{"line":14,"column":3},"end":{"line":14,"column":66}},"8":{"start":{"line":17,"column":2},"end":{"line":20,"column":null}},"9":{"start":{"line":18,"column":3},"end":{"line":18,"column":43}},"10":{"start":{"line":19,"column":3},"end":{"line":19,"column":56}},"11":{"start":{"line":24,"column":2},"end":{"line":24,"column":32}},"12":{"start":{"line":8,"column":13},"end":{"line":8,"column":26}},"13":{"start":{"line":8,"column":13},"end":{"line":26,"column":null}}},"fnMap":{"0":{"name":"(anonymous_4)","decl":{"start":{"line":10,"column":1},"end":{"line":10,"column":14}},"loc":{"start":{"line":10,"column":59},"end":{"line":21,"column":2}}},"1":{"name":"(anonymous_5)","decl":{"start":{"line":23,"column":1},"end":{"line":23,"column":4}},"loc":{"start":{"line":23,"column":16},"end":{"line":25,"column":2}}}},"branchMap":{"0":{"loc":{"start":{"line":13,"column":2},"end":{"line":15,"column":null}},"type":"if","locations":[{"start":{"line":13,"column":2},"end":{"line":15,"column":null}}]},"1":{"loc":{"start":{"line":17,"column":2},"end":{"line":20,"column":null}},"type":"if","locations":[{"start":{"line":17,"column":2},"end":{"line":20,"column":null}}]}},"s":{"0":1,"1":1,"2":1,"3":1,"4":1,"5":1,"6":1,"7":0,"8":1,"9":1,"10":1,"11":4,"12":1,"13":1},"f":{"0":1,"1":4},"b":{"0":[0],"1":[1]}}
,"/Users/myv/Projects/node_js_course/src/database/prisma.service.ts": {"path":"/Users/myv/Projects/node_js_course/src/database/prisma.service.ts","statementMap":{"0":{"start":{"line":1,"column":0},"end":{"line":1,"column":46}},"1":{"start":{"line":2,"column":0},"end":{"line":2,"column":47}},"2":{"start":{"line":3,"column":0},"end":{"line":3,"column":33}},"3":{"start":{"line":7,"column":7},"end":{"line":32,"column":null}},"4":{"start":{"line":10,"column":44},"end":{"line":10,"column":59}},"5":{"start":{"line":11,"column":2},"end":{"line":11,"column":38}},"6":{"start":{"line":15,"column":2},"end":{"line":15,"column":24}},"7":{"start":{"line":19,"column":2},"end":{"line":26,"column":null}},"8":{"start":{"line":20,"column":3},"end":{"line":20,"column":35}},"9":{"start":{"line":21,"column":3},"end":{"line":21,"column":71}},"10":{"start":{"line":23,"column":3},"end":{"line":25,"column":null}},"11":{"start":{"line":24,"column":4},"end":{"line":24,"column":85}},"12":{"start":{"line":30,"column":2},"end":{"line":30,"column":37}},"13":{"start":{"line":7,"column":13},"end":{"line":7,"column":26}},"14":{"start":{"line":7,"column":13},"end":{"line":32,"column":null}}},"fnMap":{"0":{"name":"(anonymous_11)","decl":{"start":{"line":10,"column":1},"end":{"line":10,"column":14}},"loc":{"start":{"line":10,"column":59},"end":{"line":12,"column":2}}},"1":{"name":"(anonymous_12)","decl":{"start":{"line":14,"column":1},"end":{"line":14,"column":5}},"loc":{"start":{"line":14,"column":11},"end":{"line":16,"column":2}}},"2":{"name":"(anonymous_13)","decl":{"start":{"line":18,"column":14},"end":{"line":18,"column":21}},"loc":{"start":{"line":18,"column":21},"end":{"line":27,"column":null}}},"3":{"name":"(anonymous_15)","decl":{"start":{"line":29,"column":14},"end":{"line":29,"column":24}},"loc":{"start":{"line":29,"column":24},"end":{"line":31,"column":null}}}},"branchMap":{"0":{"loc":{"start":{"line":23,"column":3},"end":{"line":25,"column":null}},"type":"if","locations":[{"start":{"line":23,"column":3},"end":{"line":25,"column":null}}]}},"s":{"0":1,"1":1,"2":1,"3":1,"4":1,"5":1,"6":5,"7":1,"8":1,"9":1,"10":0,"11":0,"12":0,"13":1,"14":1},"f":{"0":1,"1":5,"2":1,"3":0},"b":{"0":[0]}}
,"/Users/myv/Projects/node_js_course/src/errors/exception.filter.ts": {"path":"/Users/myv/Projects/node_js_course/src/errors/exception.filter.ts","statementMap":{"0":{"start":{"line":2,"column":0},"end":{"line":2,"column":47}},"1":{"start":{"line":3,"column":0},"end":{"line":3,"column":26}},"2":{"start":{"line":5,"column":0},"end":{"line":5,"column":33}},"3":{"start":{"line":7,"column":0},"end":{"line":7,"column":41}},"4":{"start":{"line":10,"column":7},"end":{"line":24,"column":null}},"5":{"start":{"line":11,"column":44},"end":{"line":11,"column":59}},"6":{"start":{"line":14,"column":2},"end":{"line":22,"column":null}},"7":{"start":{"line":15,"column":3},"end":{"line":15,"column":83}},"8":{"start":{"line":17,"column":3},"end":{"line":17,"column":61}},"9":{"start":{"line":19,"column":3},"end":{"line":19,"column":36}},"10":{"start":{"line":21,"column":3},"end":{"line":21,"column":48}},"11":{"start":{"line":10,"column":13},"end":{"line":10,"column":28}},"12":{"start":{"line":10,"column":13},"end":{"line":24,"column":null}}},"fnMap":{"0":{"name":"(anonymous_4)","decl":{"start":{"line":11,"column":1},"end":{"line":11,"column":14}},"loc":{"start":{"line":11,"column":59},"end":{"line":11,"column":63}}},"1":{"name":"(anonymous_5)","decl":{"start":{"line":13,"column":1},"end":{"line":13,"column":6}},"loc":{"start":{"line":13,"column":80},"end":{"line":23,"column":2}}}},"branchMap":{"0":{"loc":{"start":{"line":14,"column":2},"end":{"line":22,"column":null}},"type":"if","locations":[{"start":{"line":14,"column":2},"end":{"line":22,"column":null}},{"start":{"line":18,"column":9},"end":{"line":22,"column":null}}]}},"s":{"0":1,"1":1,"2":1,"3":1,"4":1,"5":1,"6":2,"7":2,"8":2,"9":0,"10":0,"11":1,"12":1},"f":{"0":1,"1":2},"b":{"0":[2,0]}}
,"/Users/myv/Projects/node_js_course/src/errors/http-error.ts": {"path":"/Users/myv/Projects/node_js_course/src/errors/http-error.ts","statementMap":{"0":{"start":{"line":6,"column":2},"end":{"line":6,"column":17}},"1":{"start":{"line":8,"column":2},"end":{"line":8,"column":25}},"2":{"start":{"line":9,"column":2},"end":{"line":9,"column":31}},"3":{"start":{"line":10,"column":2},"end":{"line":10,"column":25}},"4":{"start":{"line":1,"column":0},"end":{"line":1,"column":13}}},"fnMap":{"0":{"name":"(anonymous_0)","decl":{"start":{"line":5,"column":1},"end":{"line":5,"column":13}},"loc":{"start":{"line":5,"column":66},"end":{"line":11,"column":2}}}},"branchMap":{},"s":{"0":2,"1":2,"2":2,"3":2,"4":1},"f":{"0":2},"b":{}}
,"/Users/myv/Projects/node_js_course/src/logger/logger.service.ts": {"path":"/Users/myv/Projects/node_js_course/src/logger/logger.service.ts","statementMap":{"0":{"start":{"line":1,"column":0},"end":{"line":1,"column":31}},"1":{"start":{"line":3,"column":0},"end":{"line":3,"column":39}},"2":{"start":{"line":4,"column":0},"end":{"line":4,"column":26}},"3":{"start":{"line":7,"column":7},"end":{"line":25,"column":null}},"4":{"start":{"line":11,"column":2},"end":{"line":11,"column":29}},"5":{"start":{"line":15,"column":2},"end":{"line":15,"column":25}},"6":{"start":{"line":19,"column":2},"end":{"line":19,"column":26}},"7":{"start":{"line":23,"column":2},"end":{"line":23,"column":25}},"8":{"start":{"line":7,"column":13},"end":{"line":7,"column":26}},"9":{"start":{"line":7,"column":13},"end":{"line":25,"column":null}}},"fnMap":{"0":{"name":"(anonymous_2)","decl":{"start":{"line":10,"column":1},"end":{"line":10,"column":null}},"loc":{"start":{"line":10,"column":1},"end":{"line":12,"column":2}}},"1":{"name":"(anonymous_3)","decl":{"start":{"line":14,"column":8},"end":{"line":14,"column":11}},"loc":{"start":{"line":14,"column":30},"end":{"line":16,"column":2}}},"2":{"name":"(anonymous_4)","decl":{"start":{"line":18,"column":8},"end":{"line":18,"column":13}},"loc":{"start":{"line":18,"column":32},"end":{"line":20,"column":2}}},"3":{"name":"(anonymous_5)","decl":{"start":{"line":22,"column":8},"end":{"line":22,"column":12}},"loc":{"start":{"line":22,"column":31},"end":{"line":24,"column":2}}}},"branchMap":{},"s":{"0":1,"1":1,"2":1,"3":1,"4":1,"5":6,"6":2,"7":0,"8":1,"9":1},"f":{"0":1,"1":6,"2":2,"3":0},"b":{}}
,"/Users/myv/Projects/node_js_course/src/users/user.entity.ts": {"path":"/Users/myv/Projects/node_js_course/src/users/user.entity.ts","statementMap":{"0":{"start":{"line":1,"column":0},"end":{"line":1,"column":41}},"1":{"start":{"line":7,"column":19},"end":{"line":7,"column":32}},"2":{"start":{"line":8,"column":19},"end":{"line":8,"column":33}},"3":{"start":{"line":12,"column":2},"end":{"line":12,"column":20}},"4":{"start":{"line":16,"column":2},"end":{"line":16,"column":21}},"5":{"start":{"line":20,"column":2},"end":{"line":20,"column":24}},"6":{"start":{"line":24,"column":25},"end":{"line":24,"column":51}},"7":{"start":{"line":25,"column":2},"end":{"line":25,"column":34}},"8":{"start":{"line":29,"column":2},"end":{"line":29,"column":43}},"9":{"start":{"line":3,"column":0},"end":{"line":3,"column":13}}},"fnMap":{"0":{"name":"(anonymous_7)","decl":{"start":{"line":6,"column":1},"end":{"line":6,"column":null}},"loc":{"start":{"line":8,"column":33},"end":{"line":9,"column":5}}},"1":{"name":"(anonymous_8)","decl":{"start":{"line":11,"column":1},"end":{"line":11,"column":12}},"loc":{"start":{"line":11,"column":16},"end":{"line":13,"column":2}}},"2":{"name":"(anonymous_9)","decl":{"start":{"line":15,"column":1},"end":{"line":15,"column":12}},"loc":{"start":{"line":15,"column":17},"end":{"line":17,"column":2}}},"3":{"name":"(anonymous_10)","decl":{"start":{"line":19,"column":1},"end":{"line":19,"column":12}},"loc":{"start":{"line":19,"column":20},"end":{"line":21,"column":2}}},"4":{"name":"(anonymous_11)","decl":{"start":{"line":23,"column":14},"end":{"line":23,"column":25}},"loc":{"start":{"line":23,"column":56},"end":{"line":26,"column":null}}},"5":{"name":"(anonymous_13)","decl":{"start":{"line":28,"column":8},"end":{"line":28,"column":14}},"loc":{"start":{"line":28,"column":72},"end":{"line":30,"column":2}}}},"branchMap":{},"s":{"0":1,"1":1,"2":1,"3":1,"4":1,"5":1,"6":1,"7":1,"8":3,"9":1},"f":{"0":1,"1":1,"2":1,"3":1,"4":1,"5":3},"b":{}}
,"/Users/myv/Projects/node_js_course/src/users/user.service.ts": {"path":"/Users/myv/Projects/node_js_course/src/users/user.service.ts","statementMap":{"0":{"start":{"line":1,"column":0},"end":{"line":1,"column":47}},"1":{"start":{"line":4,"column":0},"end":{"line":4,"column":37}},"2":{"start":{"line":6,"column":0},"end":{"line":6,"column":33}},"3":{"start":{"line":12,"column":7},"end":{"line":42,"column":null}},"4":{"start":{"line":14,"column":40},"end":{"line":14,"column":69}},"5":{"start":{"line":15,"column":42},"end":{"line":15,"column":75}},"6":{"start":{"line":19,"column":15},"end":{"line":19,"column":36}},"7":{"start":{"line":20,"column":15},"end":{"line":20,"column":54}},"8":{"start":{"line":22,"column":2},"end":{"line":22,"column":49}},"9":{"start":{"line":24,"column":21},"end":{"line":24,"column":64}},"10":{"start":{"line":26,"column":2},"end":{"line":26,"column":20}},"11":{"start":{"line":30,"column":21},"end":{"line":30,"column":70}},"12":{"start":{"line":32,"column":2},"end":{"line":34,"column":null}},"13":{"start":{"line":33,"column":3},"end":{"line":33,"column":63}},"14":{"start":{"line":36,"column":2},"end":{"line":36,"column":15}},"15":{"start":{"line":40,"column":2},"end":{"line":40,"column":53}},"16":{"start":{"line":12,"column":13},"end":{"line":12,"column":24}},"17":{"start":{"line":12,"column":13},"end":{"line":42,"column":null}}},"fnMap":{"0":{"name":"(anonymous_11)","decl":{"start":{"line":13,"column":1},"end":{"line":13,"column":null}},"loc":{"start":{"line":15,"column":75},"end":{"line":16,"column":5}}},"1":{"name":"(anonymous_12)","decl":{"start":{"line":18,"column":7},"end":{"line":18,"column":17}},"loc":{"start":{"line":18,"column":60},"end":{"line":27,"column":null}}},"2":{"name":"(anonymous_14)","decl":{"start":{"line":29,"column":7},"end":{"line":29,"column":19}},"loc":{"start":{"line":29,"column":53},"end":{"line":37,"column":null}}},"3":{"name":"(anonymous_16)","decl":{"start":{"line":39,"column":7},"end":{"line":39,"column":22}},"loc":{"start":{"line":39,"column":36},"end":{"line":41,"column":null}}}},"branchMap":{"0":{"loc":{"start":{"line":32,"column":2},"end":{"line":34,"column":null}},"type":"if","locations":[{"start":{"line":32,"column":2},"end":{"line":34,"column":null}}]}},"s":{"0":1,"1":1,"2":1,"3":1,"4":1,"5":1,"6":1,"7":1,"8":1,"9":1,"10":1,"11":3,"12":3,"13":3,"14":0,"15":1,"16":1,"17":1},"f":{"0":1,"1":1,"2":3,"3":1},"b":{"0":[3]}}
,"/Users/myv/Projects/node_js_course/src/users/users.controller.ts": {"path":"/Users/myv/Projects/node_js_course/src/users/users.controller.ts","statementMap":{"0":{"start":{"line":2,"column":0},"end":{"line":2,"column":47}},"1":{"start":{"line":3,"column":0},"end":{"line":3,"column":26}},"2":{"start":{"line":4,"column":0},"end":{"line":4,"column":59}},"3":{"start":{"line":5,"column":0},"end":{"line":5,"column":49}},"4":{"start":{"line":7,"column":0},"end":{"line":7,"column":33}},"5":{"start":{"line":8,"column":0},"end":{"line":8,"column":52}},"6":{"start":{"line":9,"column":0},"end":{"line":9,"column":58}},"7":{"start":{"line":12,"column":0},"end":{"line":12,"column":67}},"8":{"start":{"line":13,"column":0},"end":{"line":13,"column":36}},"9":{"start":{"line":15,"column":0},"end":{"line":15,"column":49}},"10":{"start":{"line":18,"column":7},"end":{"line":105,"column":null}},"11":{"start":{"line":24,"column":2},"end":{"line":24,"column":23}},"12":{"start":{"line":20,"column":33},"end":{"line":20,"column":55}},"13":{"start":{"line":21,"column":38},"end":{"line":21,"column":63}},"14":{"start":{"line":22,"column":40},"end":{"line":22,"column":69}},"15":{"start":{"line":26,"column":2},"end":{"line":45,"column":5}},"16":{"start":{"line":53,"column":18},"end":{"line":53,"column":59}},"17":{"start":{"line":55,"column":2},"end":{"line":60,"column":null}},"18":{"start":{"line":56,"column":15},"end":{"line":56,"column":83}},"19":{"start":{"line":57,"column":3},"end":{"line":57,"column":32}},"20":{"start":{"line":59,"column":3},"end":{"line":59,"column":67}},"21":{"start":{"line":68,"column":15},"end":{"line":68,"column":54}},"22":{"start":{"line":70,"column":2},"end":{"line":72,"column":null}},"23":{"start":{"line":71,"column":3},"end":{"line":71,"column":58}},"24":{"start":{"line":74,"column":2},"end":{"line":74,"column":21}},"25":{"start":{"line":82,"column":19},"end":{"line":82,"column":63}},"26":{"start":{"line":83,"column":2},"end":{"line":83,"column":61}},"27":{"start":{"line":87,"column":2},"end":{"line":103,"column":5}},"28":{"start":{"line":88,"column":3},"end":{"line":102,"column":5}},"29":{"start":{"line":96,"column":5},"end":{"line":98,"column":null}},"30":{"start":{"line":97,"column":6},"end":{"line":97,"column":18}},"31":{"start":{"line":100,"column":5},"end":{"line":100,"column":29}},"32":{"start":{"line":18,"column":13},"end":{"line":18,"column":28}},"33":{"start":{"line":18,"column":13},"end":{"line":105,"column":null}}},"fnMap":{"0":{"name":"(anonymous_11)","decl":{"start":{"line":19,"column":1},"end":{"line":19,"column":null}},"loc":{"start":{"line":22,"column":69},"end":{"line":46,"column":2}}},"1":{"name":"(anonymous_12)","decl":{"start":{"line":48,"column":7},"end":{"line":48,"column":12}},"loc":{"start":{"line":51,"column":20},"end":{"line":61,"column":null}}},"2":{"name":"(anonymous_14)","decl":{"start":{"line":63,"column":7},"end":{"line":63,"column":15}},"loc":{"start":{"line":66,"column":20},"end":{"line":75,"column":null}}},"3":{"name":"(anonymous_16)","decl":{"start":{"line":77,"column":7},"end":{"line":77,"column":11}},"loc":{"start":{"line":80,"column":20},"end":{"line":84,"column":null}}},"4":{"name":"(anonymous_18)","decl":{"start":{"line":86,"column":9},"end":{"line":86,"column":16}},"loc":{"start":{"line":86,"column":46},"end":{"line":104,"column":2}}},"5":{"name":"(anonymous_19)","decl":{"start":{"line":87,"column":21},"end":{"line":87,"column":22}},"loc":{"start":{"line":87,"column":40},"end":{"line":103,"column":3}}},"6":{"name":"(anonymous_20)","decl":{"start":{"line":95,"column":4},"end":{"line":95,"column":5}},"loc":{"start":{"line":95,"column":19},"end":{"line":101,"column":5}}}},"branchMap":{"0":{"loc":{"start":{"line":55,"column":2},"end":{"line":60,"column":null}},"type":"if","locations":[{"start":{"line":55,"column":2},"end":{"line":60,"column":null}},{"start":{"line":58,"column":9},"end":{"line":60,"column":null}}]},"1":{"loc":{"start":{"line":70,"column":2},"end":{"line":72,"column":null}},"type":"if","locations":[{"start":{"line":70,"column":2},"end":{"line":72,"column":null}}]},"2":{"loc":{"start":{"line":83,"column":24},"end":{"line":83,"column":39}},"type":"cond-expr","locations":[{"start":{"line":83,"column":32},"end":{"line":83,"column":34}},{"start":{"line":83,"column":24},"end":{"line":83,"column":39}}]},"3":{"loc":{"start":{"line":83,"column":24},"end":{"line":83,"column":34}},"type":"binary-expr","locations":[{"start":{"line":83,"column":24},"end":{"line":83,"column":34}},{"start":{"line":83,"column":24},"end":{"line":83,"column":34}}]},"4":{"loc":{"start":{"line":83,"column":45},"end":{"line":83,"column":57}},"type":"cond-expr","locations":[{"start":{"line":83,"column":53},"end":{"line":83,"column":55}},{"start":{"line":83,"column":45},"end":{"line":83,"column":57}}]},"5":{"loc":{"start":{"line":83,"column":45},"end":{"line":83,"column":55}},"type":"binary-expr","locations":[{"start":{"line":83,"column":45},"end":{"line":83,"column":55}},{"start":{"line":83,"column":45},"end":{"line":83,"column":55}}]},"6":{"loc":{"start":{"line":96,"column":5},"end":{"line":98,"column":null}},"type":"if","locations":[{"start":{"line":96,"column":5},"end":{"line":98,"column":null}}]}},"s":{"0":1,"1":1,"2":1,"3":1,"4":1,"5":1,"6":1,"7":1,"8":1,"9":1,"10":1,"11":1,"12":1,"13":1,"14":1,"15":1,"16":3,"17":3,"18":2,"19":2,"20":1,"21":1,"22":1,"23":1,"24":0,"25":1,"26":1,"27":2,"28":2,"29":2,"30":0,"31":2,"32":1,"33":1},"f":{"0":1,"1":3,"2":1,"3":1,"4":2,"5":2,"6":2},"b":{"0":[2,1],"1":[1],"2":[0,1],"3":[1,1],"4":[0,1],"5":[1,1],"6":[0]}}
,"/Users/myv/Projects/node_js_course/src/users/users.repository.ts": {"path":"/Users/myv/Projects/node_js_course/src/users/users.repository.ts","statementMap":{"0":{"start":{"line":4,"column":0},"end":{"line":4,"column":47}},"1":{"start":{"line":5,"column":0},"end":{"line":5,"column":33}},"2":{"start":{"line":6,"column":0},"end":{"line":6,"column":59}},"3":{"start":{"line":9,"column":7},"end":{"line":35,"column":null}},"4":{"start":{"line":10,"column":50},"end":{"line":10,"column":65}},"5":{"start":{"line":13,"column":2},"end":{"line":19,"column":null}},"6":{"start":{"line":14,"column":3},"end":{"line":16,"column":6}},"7":{"start":{"line":18,"column":3},"end":{"line":18,"column":15}},"8":{"start":{"line":23,"column":2},"end":{"line":33,"column":null}},"9":{"start":{"line":24,"column":16},"end":{"line":28,"column":5}},"10":{"start":{"line":30,"column":3},"end":{"line":30,"column":15}},"11":{"start":{"line":32,"column":3},"end":{"line":32,"column":15}},"12":{"start":{"line":9,"column":13},"end":{"line":9,"column":28}},"13":{"start":{"line":9,"column":13},"end":{"line":35,"column":null}}},"fnMap":{"0":{"name":"(anonymous_11)","decl":{"start":{"line":10,"column":1},"end":{"line":10,"column":14}},"loc":{"start":{"line":10,"column":78},"end":{"line":10,"column":82}}},"1":{"name":"(anonymous_12)","decl":{"start":{"line":12,"column":7},"end":{"line":12,"column":17}},"loc":{"start":{"line":12,"column":49},"end":{"line":20,"column":null}}},"2":{"name":"(anonymous_14)","decl":{"start":{"line":22,"column":7},"end":{"line":22,"column":22}},"loc":{"start":{"line":22,"column":36},"end":{"line":34,"column":null}}}},"branchMap":{},"s":{"0":1,"1":1,"2":1,"3":1,"4":1,"5":1,"6":1,"7":1,"8":4,"9":4,"10":4,"11":0,"12":1,"13":1},"f":{"0":1,"1":1,"2":4},"b":{}}
,"/Users/myv/Projects/node_js_course/src/users/dto/user-login.dto.ts": {"path":"/Users/myv/Projects/node_js_course/src/users/dto/user-login.dto.ts","statementMap":{"0":{"start":{"line":1,"column":0},"end":{"line":1,"column":52}},"1":{"start":{"line":3,"column":0},"end":{"line":3,"column":13}},"2":{"start":{"line":5,"column":1},"end":{"line":5,"column":null}},"3":{"start":{"line":8,"column":1},"end":{"line":8,"column":null}}},"fnMap":{},"branchMap":{},"s":{"0":1,"1":1,"2":1,"3":1},"f":{},"b":{}}
,"/Users/myv/Projects/node_js_course/src/users/dto/user-register.dto.ts": {"path":"/Users/myv/Projects/node_js_course/src/users/dto/user-register.dto.ts","statementMap":{"0":{"start":{"line":1,"column":0},"end":{"line":1,"column":52}},"1":{"start":{"line":2,"column":0},"end":{"line":2,"column":26}},"2":{"start":{"line":4,"column":0},"end":{"line":4,"column":13}},"3":{"start":{"line":6,"column":1},"end":{"line":6,"column":null}},"4":{"start":{"line":9,"column":1},"end":{"line":9,"column":null}},"5":{"start":{"line":12,"column":1},"end":{"line":12,"column":null}}},"fnMap":{},"branchMap":{},"s":{"0":1,"1":1,"2":1,"3":1,"4":1,"5":1},"f":{},"b":{}}
}
