TN:
SF:src/app.ts
FN:20,(anonymous_12)
FN:30,(anonymous_13)
FN:36,(anonymous_14)
FN:40,(anonymous_15)
FN:44,(anonymous_16)
FN:51,(anonymous_18)
FN:56,(anonymous_19)
FNF:7
FNH:7
FNDA:1,(anonymous_12)
FNDA:1,(anonymous_13)
FNDA:1,(anonymous_14)
FNDA:1,(anonymous_15)
FNDA:1,(anonymous_16)
FNDA:1,(anonymous_18)
FNDA:1,(anonymous_19)
DA:1,1
DA:2,1
DA:4,1
DA:5,1
DA:8,1
DA:10,1
DA:11,1
DA:15,1
DA:18,1
DA:21,1
DA:22,1
DA:23,1
DA:24,1
DA:25,1
DA:27,1
DA:31,1
DA:32,1
DA:33,1
DA:37,1
DA:41,1
DA:45,1
DA:46,1
DA:47,1
DA:49,1
DA:51,1
DA:52,1
DA:57,1
LF:27
LH:27
BRF:0
BRH:0
end_of_record
TN:
SF:src/main.ts
FN:23,bootstrap
FN:24,(anonymous_9)
FNF:2
FNH:2
FNDA:1,bootstrap
FNDA:1,(anonymous_9)
DA:1,1
DA:2,1
DA:3,1
DA:4,1
DA:5,1
DA:6,1
DA:11,1
DA:13,1
DA:14,1
DA:16,1
DA:24,1
DA:25,1
DA:26,1
DA:27,1
DA:28,1
DA:29,1
DA:30,1
DA:31,1
DA:32,1
DA:35,1
DA:36,1
DA:38,1
DA:40,1
DA:42,1
DA:45,1
LF:25
LH:25
BRF:0
BRH:0
end_of_record
TN:
SF:src/types.ts
FNF:0
FNH:0
DA:1,1
LF:1
LH:1
BRF:0
BRH:0
end_of_record
TN:
SF:src/common/auth.guard.ts
FN:5,(anonymous_0)
FNF:1
FNH:1
FNDA:2,(anonymous_0)
DA:4,1
DA:6,2
DA:7,1
DA:10,1
LF:4
LH:4
BRDA:6,0,0,1
BRF:1
BRH:1
end_of_record
TN:
SF:src/common/auth.middleware.ts
FN:8,(anonymous_0)
FN:10,(anonymous_1)
FN:17,(anonymous_2)
FNF:3
FNH:3
FNDA:1,(anonymous_0)
FNDA:6,(anonymous_1)
FNDA:2,(anonymous_2)
DA:5,1
DA:7,1
DA:8,1
DA:15,6
DA:16,2
DA:17,2
DA:18,2
DA:19,1
DA:20,1
DA:21,1
DA:22,1
DA:24,1
DA:28,4
LF:13
LH:13
BRDA:15,0,0,2
BRDA:15,0,1,4
BRDA:18,1,0,1
BRDA:18,1,1,1
BRDA:20,2,0,1
BRDA:20,3,0,1
BRDA:20,3,1,1
BRF:7
BRH:7
end_of_record
TN:
SF:src/common/base.controller.ts
FN:13,(anonymous_3)
FN:17,(anonymous_4)
FN:21,(anonymous_5)
FN:26,(anonymous_6)
FN:30,(anonymous_7)
FN:34,(anonymous_8)
FN:37,(anonymous_9)
FNF:7
FNH:6
FNDA:1,(anonymous_3)
FNDA:4,(anonymous_4)
FNDA:3,(anonymous_5)
FNDA:1,(anonymous_6)
FNDA:0,(anonymous_7)
FNDA:1,(anonymous_8)
FNDA:3,(anonymous_9)
DA:1,1
DA:3,1
DA:4,1
DA:10,1
DA:13,1
DA:14,1
DA:18,4
DA:22,3
DA:23,3
DA:27,1
DA:31,0
DA:35,1
DA:36,3
DA:37,3
DA:38,3
DA:40,3
DA:41,3
DA:42,3
LF:18
LH:17
BRDA:37,0,0,0
BRDA:37,0,1,3
BRDA:37,1,0,3
BRDA:37,1,1,3
BRDA:40,2,0,3
BRDA:40,2,1,0
BRF:6
BRH:4
end_of_record
TN:
SF:src/common/validate.middleware.ts
FN:8,(anonymous_0)
FN:10,(anonymous_1)
FN:13,(anonymous_2)
FNF:3
FNH:3
FNDA:2,(anonymous_0)
FNDA:4,(anonymous_1)
FNDA:4,(anonymous_2)
DA:3,1
DA:4,1
DA:5,1
DA:7,1
DA:8,2
DA:11,4
DA:13,4
DA:14,4
DA:15,0
DA:17,4
LF:10
LH:9
BRDA:14,0,0,0
BRDA:14,0,1,4
BRF:2
BRH:1
end_of_record
TN:
SF:src/config/config.service.ts
FN:10,(anonymous_4)
FN:23,(anonymous_5)
FNF:2
FNH:2
FNDA:1,(anonymous_4)
FNDA:4,(anonymous_5)
DA:1,1
DA:3,1
DA:4,1
DA:8,1
DA:10,1
DA:11,1
DA:13,1
DA:14,0
DA:17,1
DA:18,1
DA:19,1
DA:24,4
LF:12
LH:11
BRDA:13,0,0,0
BRDA:17,1,0,1
BRF:2
BRH:1
end_of_record
TN:
SF:src/database/prisma.service.ts
FN:10,(anonymous_11)
FN:14,(anonymous_12)
FN:18,(anonymous_13)
FN:29,(anonymous_15)
FNF:4
FNH:3
FNDA:1,(anonymous_11)
FNDA:5,(anonymous_12)
FNDA:1,(anonymous_13)
FNDA:0,(anonymous_15)
DA:1,1
DA:2,1
DA:3,1
DA:7,1
DA:10,1
DA:11,1
DA:15,5
DA:19,1
DA:20,1
DA:21,1
DA:23,0
DA:24,0
DA:30,0
LF:13
LH:10
BRDA:23,0,0,0
BRF:1
BRH:0
end_of_record
TN:
SF:src/errors/exception.filter.ts
FN:11,(anonymous_4)
FN:13,(anonymous_5)
FNF:2
FNH:2
FNDA:1,(anonymous_4)
FNDA:2,(anonymous_5)
DA:2,1
DA:3,1
DA:5,1
DA:7,1
DA:10,1
DA:11,1
DA:14,2
DA:15,2
DA:17,2
DA:19,0
DA:21,0
LF:11
LH:9
BRDA:14,0,0,2
BRDA:14,0,1,0
BRF:2
BRH:1
end_of_record
TN:
SF:src/errors/http-error.ts
FN:5,(anonymous_0)
FNF:1
FNH:1
FNDA:2,(anonymous_0)
DA:1,1
DA:6,2
DA:8,2
DA:9,2
DA:10,2
LF:5
LH:5
BRF:0
BRH:0
end_of_record
TN:
SF:src/logger/logger.service.ts
FN:10,(anonymous_2)
FN:14,(anonymous_3)
FN:18,(anonymous_4)
FN:22,(anonymous_5)
FNF:4
FNH:3
FNDA:1,(anonymous_2)
FNDA:6,(anonymous_3)
FNDA:2,(anonymous_4)
FNDA:0,(anonymous_5)
DA:1,1
DA:3,1
DA:4,1
DA:7,1
DA:11,1
DA:15,6
DA:19,2
DA:23,0
LF:8
LH:7
BRF:0
BRH:0
end_of_record
TN:
SF:src/users/user.entity.ts
FN:6,(anonymous_7)
FN:11,(anonymous_8)
FN:15,(anonymous_9)
FN:19,(anonymous_10)
FN:23,(anonymous_11)
FN:28,(anonymous_13)
FNF:6
FNH:6
FNDA:1,(anonymous_7)
FNDA:1,(anonymous_8)
FNDA:1,(anonymous_9)
FNDA:1,(anonymous_10)
FNDA:1,(anonymous_11)
FNDA:3,(anonymous_13)
DA:1,1
DA:3,1
DA:7,1
DA:8,1
DA:12,1
DA:16,1
DA:20,1
DA:24,1
DA:25,1
DA:29,3
LF:10
LH:10
BRF:0
BRH:0
end_of_record
TN:
SF:src/users/user.service.ts
FN:13,(anonymous_11)
FN:18,(anonymous_12)
FN:29,(anonymous_14)
FN:39,(anonymous_16)
FNF:4
FNH:4
FNDA:1,(anonymous_11)
FNDA:1,(anonymous_12)
FNDA:3,(anonymous_14)
FNDA:1,(anonymous_16)
DA:1,1
DA:4,1
DA:6,1
DA:12,1
DA:14,1
DA:15,1
DA:19,1
DA:20,1
DA:22,1
DA:24,1
DA:26,1
DA:30,3
DA:32,3
DA:33,3
DA:36,0
DA:40,1
LF:16
LH:15
BRDA:32,0,0,3
BRF:1
BRH:1
end_of_record
TN:
SF:src/users/users.controller.ts
FN:19,(anonymous_11)
FN:48,(anonymous_12)
FN:63,(anonymous_14)
FN:77,(anonymous_16)
FN:86,(anonymous_18)
FN:87,(anonymous_19)
FN:95,(anonymous_20)
FNF:7
FNH:7
FNDA:1,(anonymous_11)
FNDA:3,(anonymous_12)
FNDA:1,(anonymous_14)
FNDA:1,(anonymous_16)
FNDA:2,(anonymous_18)
FNDA:2,(anonymous_19)
FNDA:2,(anonymous_20)
DA:2,1
DA:3,1
DA:4,1
DA:5,1
DA:7,1
DA:8,1
DA:9,1
DA:12,1
DA:13,1
DA:15,1
DA:18,1
DA:20,1
DA:21,1
DA:22,1
DA:24,1
DA:26,1
DA:53,3
DA:55,3
DA:56,2
DA:57,2
DA:59,1
DA:68,1
DA:70,1
DA:71,1
DA:74,0
DA:82,1
DA:83,1
DA:87,2
DA:88,2
DA:96,2
DA:97,0
DA:100,2
LF:32
LH:30
BRDA:55,0,0,2
BRDA:55,0,1,1
BRDA:70,1,0,1
BRDA:83,2,0,0
BRDA:83,2,1,1
BRDA:83,3,0,1
BRDA:83,3,1,1
BRDA:83,4,0,0
BRDA:83,4,1,1
BRDA:83,5,0,1
BRDA:83,5,1,1
BRDA:96,6,0,0
BRF:12
BRH:9
end_of_record
TN:
SF:src/users/users.repository.ts
FN:10,(anonymous_11)
FN:12,(anonymous_12)
FN:22,(anonymous_14)
FNF:3
FNH:3
FNDA:1,(anonymous_11)
FNDA:1,(anonymous_12)
FNDA:4,(anonymous_14)
DA:4,1
DA:5,1
DA:6,1
DA:9,1
DA:10,1
DA:13,1
DA:14,1
DA:18,1
DA:23,4
DA:24,4
DA:30,4
DA:32,0
LF:12
LH:11
BRF:0
BRH:0
end_of_record
TN:
SF:src/users/dto/user-login.dto.ts
FNF:0
FNH:0
DA:1,1
DA:3,1
DA:5,1
DA:8,1
LF:4
LH:4
BRF:0
BRH:0
end_of_record
TN:
SF:src/users/dto/user-register.dto.ts
FNF:0
FNH:0
DA:1,1
DA:2,1
DA:4,1
DA:6,1
DA:9,1
DA:12,1
LF:6
LH:6
BRF:0
BRH:0
end_of_record
